c:\users\user\source\repos\pixel_flow\pixel_flow\x64\debug\googlesheetsdataexporter.obj
c:\users\user\source\repos\pixel_flow\pixel_flow\x64\debug\qrc_mainwindow.obj
c:\users\user\source\repos\pixel_flow\pixel_flow\x64\debug\moc_mainwindow.obj
c:\users\user\source\repos\pixel_flow\pixel_flow\x64\debug\mainwindow.obj
c:\users\user\source\repos\pixel_flow\pixel_flow\x64\debug\githubdataexporter.obj
c:\users\user\source\repos\pixel_flow\pixel_flow\x64\debug\main.obj
c:\users\user\source\repos\pixel_flow\pixel_flow\x64\debug\controllerboard.obj
c:\users\user\source\repos\pixel_flow\pixel_flow\x64\debug\data.obj
c:\users\user\source\repos\pixel_flow\pixel_flow\x64\debug\pixel.obj
c:\users\user\source\repos\pixel_flow\pixel_flow\x64\debug\board.obj
c:\users\user\source\repos\pixel_flow\pixel_flow\x64\debug\vc143.pdb
c:\users\user\source\repos\pixel_flow\x64\debug\pixel_flow.exe
c:\users\user\source\repos\pixel_flow\x64\debug\pixel_flow.ilk
c:\users\user\source\repos\pixel_flow\x64\debug\pixel_flow.pdb
c:\users\user\source\repos\pixel_flow\pixel_flow\x64\debug\moc\moc_mainwindow.cpp
c:\users\user\source\repos\pixel_flow\pixel_flow\x64\debug\uic\ui_mainwindow.h
c:\users\user\source\repos\pixel_flow\pixel_flow\x64\debug\rcc\qrc_mainwindow.cpp
c:\users\user\source\repos\pixel_flow\pixel_flow\x64\debug\pixel_flow.tlog\cl.command.1.tlog
c:\users\user\source\repos\pixel_flow\pixel_flow\x64\debug\pixel_flow.tlog\cl.read.1.tlog
c:\users\user\source\repos\pixel_flow\pixel_flow\x64\debug\pixel_flow.tlog\cl.write.1.tlog
c:\users\user\source\repos\pixel_flow\pixel_flow\x64\debug\pixel_flow.tlog\link.command.1.tlog
c:\users\user\source\repos\pixel_flow\pixel_flow\x64\debug\pixel_flow.tlog\link.read.1.tlog
c:\users\user\source\repos\pixel_flow\pixel_flow\x64\debug\pixel_flow.tlog\link.write.1.tlog
c:\users\user\source\repos\pixel_flow\pixel_flow\x64\debug\pixel_flow.tlog\moc.read.1u.tlog
c:\users\user\source\repos\pixel_flow\pixel_flow\x64\debug\pixel_flow.tlog\moc.write.1u.tlog
c:\users\user\source\repos\pixel_flow\pixel_flow\x64\debug\pixel_flow.tlog\pixel_flow.write.1u.tlog
c:\users\user\source\repos\pixel_flow\pixel_flow\x64\debug\pixel_flow.tlog\rcc.read.1u.tlog
c:\users\user\source\repos\pixel_flow\pixel_flow\x64\debug\pixel_flow.tlog\rcc.write.1u.tlog
c:\users\user\source\repos\pixel_flow\pixel_flow\x64\debug\pixel_flow.tlog\uic.read.1u.tlog
c:\users\user\source\repos\pixel_flow\pixel_flow\x64\debug\pixel_flow.tlog\uic.write.1u.tlog
